This file contains any messages produced by compilers while
running configure, to aid debugging if configure makes a mistake.

It was created by configure, which was
generated by GNU Autoconf 2.69.  Invocation command line was

  $ ./configure --disable-option-checking --prefix=/usr/local --with-libpcap=no --cache-file=/dev/null --srcdir=.

## --------- ##
## Platform. ##
## --------- ##

hostname = firkraag
uname -m = x86_64
uname -r = 3.13.0-74-generic
uname -s = Linux
uname -v = #118-Ubuntu SMP Thu Dec 17 22:52:10 UTC 2015

/usr/bin/uname -p = unknown
/bin/uname -X     = unknown

/bin/arch              = unknown
/usr/bin/arch -k       = unknown
/usr/convex/getsysinfo = unknown
/usr/bin/hostinfo      = unknown
/bin/machine           = unknown
/usr/bin/oslevel       = unknown
/bin/universe          = unknown

PATH: /home/ithilgore/perl5/bin
PATH: /usr/local/sbin
PATH: /usr/local/bin
PATH: /usr/sbin
PATH: /usr/bin
PATH: /sbin
PATH: /bin
PATH: /usr/games
PATH: /usr/local/games


## ----------- ##
## Core tests. ##
## ----------- ##

configure:2155: checking build system type
configure:2169: result: x86_64-unknown-linux-gnu
configure:2189: checking host system type
configure:2202: result: x86_64-unknown-linux-gnu
configure:2389: checking for gcc
configure:2405: found /usr/bin/gcc
configure:2416: result: gcc
configure:2645: checking for C compiler version
configure:2654: gcc --version >&5
gcc (Ubuntu 4.8.4-2ubuntu1~14.04) 4.8.4
Copyright (C) 2013 Free Software Foundation, Inc.
This is free software; see the source for copying conditions.  There is NO
warranty; not even for MERCHANTABILITY or FITNESS FOR A PARTICULAR PURPOSE.

configure:2665: $? = 0
configure:2654: gcc -v >&5
Using built-in specs.
COLLECT_GCC=gcc
COLLECT_LTO_WRAPPER=/usr/lib/gcc/x86_64-linux-gnu/4.8/lto-wrapper
Target: x86_64-linux-gnu
Configured with: ../src/configure -v --with-pkgversion='Ubuntu 4.8.4-2ubuntu1~14.04' --with-bugurl=file:///usr/share/doc/gcc-4.8/README.Bugs --enable-languages=c,c++,java,go,d,fortran,objc,obj-c++ --prefix=/usr --program-suffix=-4.8 --enable-shared --enable-linker-build-id --libexecdir=/usr/lib --without-included-gettext --enable-threads=posix --with-gxx-include-dir=/usr/include/c++/4.8 --libdir=/usr/lib --enable-nls --with-sysroot=/ --enable-clocale=gnu --enable-libstdcxx-debug --enable-libstdcxx-time=yes --enable-gnu-unique-object --disable-libmudflap --enable-plugin --with-system-zlib --disable-browser-plugin --enable-java-awt=gtk --enable-gtk-cairo --with-java-home=/usr/lib/jvm/java-1.5.0-gcj-4.8-amd64/jre --enable-java-home --with-jvm-root-dir=/usr/lib/jvm/java-1.5.0-gcj-4.8-amd64 --with-jvm-jar-dir=/usr/lib/jvm-exports/java-1.5.0-gcj-4.8-amd64 --with-arch-directory=amd64 --with-ecj-jar=/usr/share/java/eclipse-ecj.jar --enable-objc-gc --enable-multiarch --disable-werror --with-arch-32=i686 --with-abi=m64 --with-multilib-list=m32,m64,mx32 --with-tune=generic --enable-checking=release --build=x86_64-linux-gnu --host=x86_64-linux-gnu --target=x86_64-linux-gnu
Thread model: posix
gcc version 4.8.4 (Ubuntu 4.8.4-2ubuntu1~14.04) 
configure:2665: $? = 0
configure:2654: gcc -V >&5
gcc: error: unrecognized command line option '-V'
gcc: fatal error: no input files
compilation terminated.
configure:2665: $? = 4
configure:2654: gcc -qversion >&5
gcc: error: unrecognized command line option '-qversion'
gcc: fatal error: no input files
compilation terminated.
configure:2665: $? = 4
configure:2685: checking whether the C compiler works
configure:2707: gcc    conftest.c  >&5
configure:2711: $? = 0
configure:2759: result: yes
configure:2762: checking for C compiler default output file name
configure:2764: result: a.out
configure:2770: checking for suffix of executables
configure:2777: gcc -o conftest    conftest.c  >&5
configure:2781: $? = 0
configure:2803: result: 
configure:2825: checking whether we are cross compiling
configure:2833: gcc -o conftest    conftest.c  >&5
configure:2837: $? = 0
configure:2844: ./conftest
configure:2848: $? = 0
configure:2863: result: no
configure:2868: checking for suffix of object files
configure:2890: gcc -c   conftest.c >&5
configure:2894: $? = 0
configure:2915: result: o
configure:2919: checking whether we are using the GNU C compiler
configure:2938: gcc -c   conftest.c >&5
configure:2938: $? = 0
configure:2947: result: yes
configure:2956: checking whether gcc accepts -g
configure:2976: gcc -c -g  conftest.c >&5
configure:2976: $? = 0
configure:3017: result: yes
configure:3034: checking for gcc option to accept ISO C89
configure:3097: gcc  -c -g -O2  conftest.c >&5
configure:3097: $? = 0
configure:3110: result: none needed
configure:3136: checking how to run the C preprocessor
configure:3167: gcc -E  conftest.c
configure:3167: $? = 0
configure:3181: gcc -E  conftest.c
conftest.c:10:28: fatal error: ac_nonexistent.h: No such file or directory
 #include <ac_nonexistent.h>
                            ^
compilation terminated.
configure:3181: $? = 1
configure: failed program was:
| /* confdefs.h */
| #define PACKAGE_NAME ""
| #define PACKAGE_TARNAME ""
| #define PACKAGE_VERSION ""
| #define PACKAGE_STRING ""
| #define PACKAGE_BUGREPORT ""
| #define PACKAGE_URL ""
| #define LINUX 1
| /* end confdefs.h.  */
| #include <ac_nonexistent.h>
configure:3206: result: gcc -E
configure:3226: gcc -E  conftest.c
configure:3226: $? = 0
configure:3240: gcc -E  conftest.c
conftest.c:10:28: fatal error: ac_nonexistent.h: No such file or directory
 #include <ac_nonexistent.h>
                            ^
compilation terminated.
configure:3240: $? = 1
configure: failed program was:
| /* confdefs.h */
| #define PACKAGE_NAME ""
| #define PACKAGE_TARNAME ""
| #define PACKAGE_VERSION ""
| #define PACKAGE_STRING ""
| #define PACKAGE_BUGREPORT ""
| #define PACKAGE_URL ""
| #define LINUX 1
| /* end confdefs.h.  */
| #include <ac_nonexistent.h>
configure:3269: checking for grep that handles long lines and -e
configure:3327: result: /bin/grep
configure:3332: checking for egrep
configure:3394: result: /bin/grep -E
configure:3399: checking for ANSI C header files
configure:3419: gcc -c -g -O2  conftest.c >&5
configure:3419: $? = 0
configure:3492: gcc -o conftest -g -O2   conftest.c  >&5
configure:3492: $? = 0
configure:3492: ./conftest
configure:3492: $? = 0
configure:3503: result: yes
configure:3516: checking for sys/types.h
configure:3516: gcc -c -g -O2  conftest.c >&5
configure:3516: $? = 0
configure:3516: result: yes
configure:3516: checking for sys/stat.h
configure:3516: gcc -c -g -O2  conftest.c >&5
configure:3516: $? = 0
configure:3516: result: yes
configure:3516: checking for stdlib.h
configure:3516: gcc -c -g -O2  conftest.c >&5
configure:3516: $? = 0
configure:3516: result: yes
configure:3516: checking for string.h
configure:3516: gcc -c -g -O2  conftest.c >&5
configure:3516: $? = 0
configure:3516: result: yes
configure:3516: checking for memory.h
configure:3516: gcc -c -g -O2  conftest.c >&5
configure:3516: $? = 0
configure:3516: result: yes
configure:3516: checking for strings.h
configure:3516: gcc -c -g -O2  conftest.c >&5
configure:3516: $? = 0
configure:3516: result: yes
configure:3516: checking for inttypes.h
configure:3516: gcc -c -g -O2  conftest.c >&5
configure:3516: $? = 0
configure:3516: result: yes
configure:3516: checking for stdint.h
configure:3516: gcc -c -g -O2  conftest.c >&5
configure:3516: $? = 0
configure:3516: result: yes
configure:3516: checking for unistd.h
configure:3516: gcc -c -g -O2  conftest.c >&5
configure:3516: $? = 0
configure:3516: result: yes
configure:3629: checking if PCAP_NETMASK_UNKNOWN is defined/handled by libpcap
configure:3649: gcc -c -g -O2  conftest.c >&5
conftest.c:21:24: fatal error: pcap.h: No such file or directory
       #include <pcap.h>
                        ^
compilation terminated.
configure:3649: $? = 1
configure: failed program was:
| /* confdefs.h */
| #define PACKAGE_NAME ""
| #define PACKAGE_TARNAME ""
| #define PACKAGE_VERSION ""
| #define PACKAGE_STRING ""
| #define PACKAGE_BUGREPORT ""
| #define PACKAGE_URL ""
| #define LINUX 1
| #define STDC_HEADERS 1
| #define HAVE_SYS_TYPES_H 1
| #define HAVE_SYS_STAT_H 1
| #define HAVE_STDLIB_H 1
| #define HAVE_STRING_H 1
| #define HAVE_MEMORY_H 1
| #define HAVE_STRINGS_H 1
| #define HAVE_INTTYPES_H 1
| #define HAVE_STDINT_H 1
| #define HAVE_UNISTD_H 1
| /* end confdefs.h.  */
| 
|       #include <pcap.h>
| 
| int
| main ()
| {
| 
|       int i = PCAP_NETMASK_UNKNOWN;
| 
|   ;
|   return 0;
| }
configure:3662: result: no
configure:3667: checking linux/version.h usability
configure:3667: gcc -c -g -O2  conftest.c >&5
configure:3667: $? = 0
configure:3667: result: yes
configure:3667: checking linux/version.h presence
configure:3667: gcc -E  conftest.c
configure:3667: $? = 0
configure:3667: result: yes
configure:3667: checking for linux/version.h
configure:3667: result: yes
configure:3673: checking for Linux epoll(7) interface
configure:3699: gcc -o conftest -g -O2  -DHAVE_LINUX_VERSION_H  conftest.c  >&5
configure:3699: $? = 0
configure:3710: result: yes
configure:3720: checking for poll(2)
configure:3736: gcc -o conftest -g -O2   conftest.c  >&5
configure:3736: $? = 0
configure:3746: result: yes
configure:3759: checking for kqueue
configure:3759: gcc -o conftest -g -O2   conftest.c  >&5
/tmp/ccU8nFnm.o: In function `main':
/home/ithilgore/Downloads/ncrack-proxy-master/nsock/src/conftest.c:57: undefined reference to `kqueue'
collect2: error: ld returned 1 exit status
configure:3759: $? = 1
configure: failed program was:
| /* confdefs.h */
| #define PACKAGE_NAME ""
| #define PACKAGE_TARNAME ""
| #define PACKAGE_VERSION ""
| #define PACKAGE_STRING ""
| #define PACKAGE_BUGREPORT ""
| #define PACKAGE_URL ""
| #define LINUX 1
| #define STDC_HEADERS 1
| #define HAVE_SYS_TYPES_H 1
| #define HAVE_SYS_STAT_H 1
| #define HAVE_STDLIB_H 1
| #define HAVE_STRING_H 1
| #define HAVE_MEMORY_H 1
| #define HAVE_STRINGS_H 1
| #define HAVE_INTTYPES_H 1
| #define HAVE_STDINT_H 1
| #define HAVE_UNISTD_H 1
| #define PCAP_NETMASK_UNKNOWN 0
| #define HAVE_EPOLL 1
| #define HAVE_POLL 1
| /* end confdefs.h.  */
| /* Define kqueue to an innocuous variant, in case <limits.h> declares kqueue.
|    For example, HP-UX 11i <limits.h> declares gettimeofday.  */
| #define kqueue innocuous_kqueue
| 
| /* System header to define __stub macros and hopefully few prototypes,
|     which can conflict with char kqueue (); below.
|     Prefer <limits.h> to <assert.h> if __STDC__ is defined, since
|     <limits.h> exists even on freestanding compilers.  */
| 
| #ifdef __STDC__
| # include <limits.h>
| #else
| # include <assert.h>
| #endif
| 
| #undef kqueue
| 
| /* Override any GCC internal prototype to avoid an error.
|    Use char because int might match the return type of a GCC
|    builtin and then its argument prototype would still apply.  */
| #ifdef __cplusplus
| extern "C"
| #endif
| char kqueue ();
| /* The GNU C library defines this for functions which it implements
|     to always fail with ENOSYS.  Some functions are actually named
|     something starting with __ and the normal name is an alias.  */
| #if defined __stub_kqueue || defined __stub___kqueue
| choke me
| #endif
| 
| int
| main ()
| {
| return kqueue ();
|   ;
|   return 0;
| }
configure:3759: result: no
configure:3759: checking for kevent
configure:3759: gcc -o conftest -g -O2   conftest.c  >&5
/tmp/cclOSlJr.o: In function `main':
/home/ithilgore/Downloads/ncrack-proxy-master/nsock/src/conftest.c:57: undefined reference to `kevent'
collect2: error: ld returned 1 exit status
configure:3759: $? = 1
configure: failed program was:
| /* confdefs.h */
| #define PACKAGE_NAME ""
| #define PACKAGE_TARNAME ""
| #define PACKAGE_VERSION ""
| #define PACKAGE_STRING ""
| #define PACKAGE_BUGREPORT ""
| #define PACKAGE_URL ""
| #define LINUX 1
| #define STDC_HEADERS 1
| #define HAVE_SYS_TYPES_H 1
| #define HAVE_SYS_STAT_H 1
| #define HAVE_STDLIB_H 1
| #define HAVE_STRING_H 1
| #define HAVE_MEMORY_H 1
| #define HAVE_STRINGS_H 1
| #define HAVE_INTTYPES_H 1
| #define HAVE_STDINT_H 1
| #define HAVE_UNISTD_H 1
| #define PCAP_NETMASK_UNKNOWN 0
| #define HAVE_EPOLL 1
| #define HAVE_POLL 1
| /* end confdefs.h.  */
| /* Define kevent to an innocuous variant, in case <limits.h> declares kevent.
|    For example, HP-UX 11i <limits.h> declares gettimeofday.  */
| #define kevent innocuous_kevent
| 
| /* System header to define __stub macros and hopefully few prototypes,
|     which can conflict with char kevent (); below.
|     Prefer <limits.h> to <assert.h> if __STDC__ is defined, since
|     <limits.h> exists even on freestanding compilers.  */
| 
| #ifdef __STDC__
| # include <limits.h>
| #else
| # include <assert.h>
| #endif
| 
| #undef kevent
| 
| /* Override any GCC internal prototype to avoid an error.
|    Use char because int might match the return type of a GCC
|    builtin and then its argument prototype would still apply.  */
| #ifdef __cplusplus
| extern "C"
| #endif
| char kevent ();
| /* The GNU C library defines this for functions which it implements
|     to always fail with ENOSYS.  Some functions are actually named
|     something starting with __ and the normal name is an alias.  */
| #if defined __stub_kevent || defined __stub___kevent
| choke me
| #endif
| 
| int
| main ()
| {
| return kevent ();
|   ;
|   return 0;
| }
configure:3759: result: no
configure:3818: checking for gcc
configure:3845: result: gcc
configure:4074: checking for C compiler version
configure:4083: gcc --version >&5
gcc (Ubuntu 4.8.4-2ubuntu1~14.04) 4.8.4
Copyright (C) 2013 Free Software Foundation, Inc.
This is free software; see the source for copying conditions.  There is NO
warranty; not even for MERCHANTABILITY or FITNESS FOR A PARTICULAR PURPOSE.

configure:4094: $? = 0
configure:4083: gcc -v >&5
Using built-in specs.
COLLECT_GCC=gcc
COLLECT_LTO_WRAPPER=/usr/lib/gcc/x86_64-linux-gnu/4.8/lto-wrapper
Target: x86_64-linux-gnu
Configured with: ../src/configure -v --with-pkgversion='Ubuntu 4.8.4-2ubuntu1~14.04' --with-bugurl=file:///usr/share/doc/gcc-4.8/README.Bugs --enable-languages=c,c++,java,go,d,fortran,objc,obj-c++ --prefix=/usr --program-suffix=-4.8 --enable-shared --enable-linker-build-id --libexecdir=/usr/lib --without-included-gettext --enable-threads=posix --with-gxx-include-dir=/usr/include/c++/4.8 --libdir=/usr/lib --enable-nls --with-sysroot=/ --enable-clocale=gnu --enable-libstdcxx-debug --enable-libstdcxx-time=yes --enable-gnu-unique-object --disable-libmudflap --enable-plugin --with-system-zlib --disable-browser-plugin --enable-java-awt=gtk --enable-gtk-cairo --with-java-home=/usr/lib/jvm/java-1.5.0-gcj-4.8-amd64/jre --enable-java-home --with-jvm-root-dir=/usr/lib/jvm/java-1.5.0-gcj-4.8-amd64 --with-jvm-jar-dir=/usr/lib/jvm-exports/java-1.5.0-gcj-4.8-amd64 --with-arch-directory=amd64 --with-ecj-jar=/usr/share/java/eclipse-ecj.jar --enable-objc-gc --enable-multiarch --disable-werror --with-arch-32=i686 --with-abi=m64 --with-multilib-list=m32,m64,mx32 --with-tune=generic --enable-checking=release --build=x86_64-linux-gnu --host=x86_64-linux-gnu --target=x86_64-linux-gnu
Thread model: posix
gcc version 4.8.4 (Ubuntu 4.8.4-2ubuntu1~14.04) 
configure:4094: $? = 0
configure:4083: gcc -V >&5
gcc: error: unrecognized command line option '-V'
gcc: fatal error: no input files
compilation terminated.
configure:4094: $? = 4
configure:4083: gcc -qversion >&5
gcc: error: unrecognized command line option '-qversion'
gcc: fatal error: no input files
compilation terminated.
configure:4094: $? = 4
configure:4098: checking whether we are using the GNU C compiler
configure:4126: result: yes
configure:4135: checking whether gcc accepts -g
configure:4196: result: yes
configure:4213: checking for gcc option to accept ISO C89
configure:4289: result: none needed
configure:4355: checking for ranlib
configure:4371: found /usr/bin/ranlib
configure:4382: result: ranlib
configure:4406: checking for gethostent
configure:4406: gcc -o conftest -g -O2 -Wall    conftest.c  >&5
configure:4406: $? = 0
configure:4406: result: yes
configure:4457: checking for setsockopt
configure:4457: gcc -o conftest -g -O2 -Wall    conftest.c  >&5
configure:4457: $? = 0
configure:4457: result: yes
configure:4509: checking for nanosleep
configure:4509: gcc -o conftest -g -O2 -Wall    conftest.c  >&5
configure:4509: $? = 0
configure:4509: result: yes
configure:4561: checking for ANSI C header files
configure:4665: result: yes
configure:4676: checking net/bpf.h usability
configure:4676: gcc -c -g -O2 -Wall   conftest.c >&5
conftest.c:57:21: fatal error: net/bpf.h: No such file or directory
 #include <net/bpf.h>
                     ^
compilation terminated.
configure:4676: $? = 1
configure: failed program was:
| /* confdefs.h */
| #define PACKAGE_NAME ""
| #define PACKAGE_TARNAME ""
| #define PACKAGE_VERSION ""
| #define PACKAGE_STRING ""
| #define PACKAGE_BUGREPORT ""
| #define PACKAGE_URL ""
| #define LINUX 1
| #define STDC_HEADERS 1
| #define HAVE_SYS_TYPES_H 1
| #define HAVE_SYS_STAT_H 1
| #define HAVE_STDLIB_H 1
| #define HAVE_STRING_H 1
| #define HAVE_MEMORY_H 1
| #define HAVE_STRINGS_H 1
| #define HAVE_INTTYPES_H 1
| #define HAVE_STDINT_H 1
| #define HAVE_UNISTD_H 1
| #define PCAP_NETMASK_UNKNOWN 0
| #define HAVE_EPOLL 1
| #define HAVE_POLL 1
| #define STDC_HEADERS 1
| /* end confdefs.h.  */
| #include <stdio.h>
| #ifdef HAVE_SYS_TYPES_H
| # include <sys/types.h>
| #endif
| #ifdef HAVE_SYS_STAT_H
| # include <sys/stat.h>
| #endif
| #ifdef STDC_HEADERS
| # include <stdlib.h>
| # include <stddef.h>
| #else
| # ifdef HAVE_STDLIB_H
| #  include <stdlib.h>
| # endif
| #endif
| #ifdef HAVE_STRING_H
| # if !defined STDC_HEADERS && defined HAVE_MEMORY_H
| #  include <memory.h>
| # endif
| # include <string.h>
| #endif
| #ifdef HAVE_STRINGS_H
| # include <strings.h>
| #endif
| #ifdef HAVE_INTTYPES_H
| # include <inttypes.h>
| #endif
| #ifdef HAVE_STDINT_H
| # include <stdint.h>
| #endif
| #ifdef HAVE_UNISTD_H
| # include <unistd.h>
| #endif
| #include <net/bpf.h>
configure:4676: result: no
configure:4676: checking net/bpf.h presence
configure:4676: gcc -E  conftest.c
conftest.c:24:21: fatal error: net/bpf.h: No such file or directory
 #include <net/bpf.h>
                     ^
compilation terminated.
configure:4676: $? = 1
configure: failed program was:
| /* confdefs.h */
| #define PACKAGE_NAME ""
| #define PACKAGE_TARNAME ""
| #define PACKAGE_VERSION ""
| #define PACKAGE_STRING ""
| #define PACKAGE_BUGREPORT ""
| #define PACKAGE_URL ""
| #define LINUX 1
| #define STDC_HEADERS 1
| #define HAVE_SYS_TYPES_H 1
| #define HAVE_SYS_STAT_H 1
| #define HAVE_STDLIB_H 1
| #define HAVE_STRING_H 1
| #define HAVE_MEMORY_H 1
| #define HAVE_STRINGS_H 1
| #define HAVE_INTTYPES_H 1
| #define HAVE_STDINT_H 1
| #define HAVE_UNISTD_H 1
| #define PCAP_NETMASK_UNKNOWN 0
| #define HAVE_EPOLL 1
| #define HAVE_POLL 1
| #define STDC_HEADERS 1
| /* end confdefs.h.  */
| #include <net/bpf.h>
configure:4676: result: no
configure:4676: checking for net/bpf.h
configure:4676: result: no
configure:4676: checking sys/ioctl.h usability
configure:4676: gcc -c -g -O2 -Wall   conftest.c >&5
configure:4676: $? = 0
configure:4676: result: yes
configure:4676: checking sys/ioctl.h presence
configure:4676: gcc -E  conftest.c
configure:4676: $? = 0
configure:4676: result: yes
configure:4676: checking for sys/ioctl.h
configure:4676: result: yes
configure:4676: checking sys/un.h usability
configure:4676: gcc -c -g -O2 -Wall   conftest.c >&5
configure:4676: $? = 0
configure:4676: result: yes
configure:4676: checking sys/un.h presence
configure:4676: gcc -E  conftest.c
configure:4676: $? = 0
configure:4676: result: yes
configure:4676: checking for sys/un.h
configure:4676: result: yes
configure:4676: checking netdb.h usability
configure:4676: gcc -c -g -O2 -Wall   conftest.c >&5
configure:4676: $? = 0
configure:4676: result: yes
configure:4676: checking netdb.h presence
configure:4676: gcc -E  conftest.c
configure:4676: $? = 0
configure:4676: result: yes
configure:4676: checking for netdb.h
configure:4676: result: yes
configure:4711: checking openssl/ssl.h usability
configure:4711: gcc -c -g -O2 -Wall   conftest.c >&5
configure:4711: $? = 0
configure:4711: result: yes
configure:4711: checking openssl/ssl.h presence
configure:4711: gcc -E  conftest.c
configure:4711: $? = 0
configure:4711: result: yes
configure:4711: checking for openssl/ssl.h
configure:4711: result: yes
configure:4728: checking for BIO_int_ctrl in -lcrypto
configure:4753: gcc -o conftest -g -O2 -Wall    conftest.c -lcrypto   >&5
configure:4753: $? = 0
configure:4762: result: yes
configure:4779: checking for SSL_new in -lssl
configure:4804: gcc -o conftest -g -O2 -Wall    conftest.c -lssl  -lcrypto   >&5
configure:4804: $? = 0
configure:4813: result: yes
configure:4830: checking for library containing dlopen
configure:4861: gcc -o conftest -g -O2 -Wall    conftest.c  >&5
/tmp/cc3dIF4p.o: In function `main':
/home/ithilgore/Downloads/ncrack-proxy-master/nsock/src/conftest.c:38: undefined reference to `dlopen'
collect2: error: ld returned 1 exit status
configure:4861: $? = 1
configure: failed program was:
| /* confdefs.h */
| #define PACKAGE_NAME ""
| #define PACKAGE_TARNAME ""
| #define PACKAGE_VERSION ""
| #define PACKAGE_STRING ""
| #define PACKAGE_BUGREPORT ""
| #define PACKAGE_URL ""
| #define LINUX 1
| #define STDC_HEADERS 1
| #define HAVE_SYS_TYPES_H 1
| #define HAVE_SYS_STAT_H 1
| #define HAVE_STDLIB_H 1
| #define HAVE_STRING_H 1
| #define HAVE_MEMORY_H 1
| #define HAVE_STRINGS_H 1
| #define HAVE_INTTYPES_H 1
| #define HAVE_STDINT_H 1
| #define HAVE_UNISTD_H 1
| #define PCAP_NETMASK_UNKNOWN 0
| #define HAVE_EPOLL 1
| #define HAVE_POLL 1
| #define STDC_HEADERS 1
| #define HAVE_SYS_IOCTL_H 1
| #define HAVE_SYS_UN_H 1
| #define HAVE_NETDB_H 1
| /* end confdefs.h.  */
| 
| /* Override any GCC internal prototype to avoid an error.
|    Use char because int might match the return type of a GCC
|    builtin and then its argument prototype would still apply.  */
| #ifdef __cplusplus
| extern "C"
| #endif
| char dlopen ();
| int
| main ()
| {
| return dlopen ();
|   ;
|   return 0;
| }
configure:4861: gcc -o conftest -g -O2 -Wall    conftest.c -ldl   >&5
configure:4861: $? = 0
configure:4878: result: -ldl
configure:4897: checking for SSL_set_tlsext_host_name
configure:4910: gcc -o conftest -g -O2 -Wall    conftest.c -ldl  -lssl -lcrypto >&5
configure:4910: $? = 0
configure:4911: result: yes
configure:5064: creating ./config.status

## ---------------------- ##
## Running config.status. ##
## ---------------------- ##

This file was extended by config.status, which was
generated by GNU Autoconf 2.69.  Invocation command line was

  CONFIG_FILES    = 
  CONFIG_HEADERS  = 
  CONFIG_LINKS    = 
  CONFIG_COMMANDS = 
  $ ./config.status 

on firkraag

config.status:822: creating Makefile
config.status:822: creating ../tests/Makefile
config.status:822: creating ../include/nsock_config.h

## ---------------- ##
## Cache variables. ##
## ---------------- ##

ac_cv_build=x86_64-unknown-linux-gnu
ac_cv_c_compiler_gnu=yes
ac_cv_env_CC_set=
ac_cv_env_CC_value=
ac_cv_env_CFLAGS_set=
ac_cv_env_CFLAGS_value=
ac_cv_env_CPPFLAGS_set=
ac_cv_env_CPPFLAGS_value=
ac_cv_env_CPP_set=
ac_cv_env_CPP_value=
ac_cv_env_LDFLAGS_set=
ac_cv_env_LDFLAGS_value=
ac_cv_env_LIBS_set=
ac_cv_env_LIBS_value=
ac_cv_env_build_alias_set=
ac_cv_env_build_alias_value=
ac_cv_env_host_alias_set=
ac_cv_env_host_alias_value=
ac_cv_env_target_alias_set=
ac_cv_env_target_alias_value=
ac_cv_func_gethostent=yes
ac_cv_func_kevent=no
ac_cv_func_kqueue=no
ac_cv_func_nanosleep=yes
ac_cv_func_setsockopt=yes
ac_cv_have_pcap_netmask_unknown=no
ac_cv_header_inttypes_h=yes
ac_cv_header_linux_version_h=yes
ac_cv_header_memory_h=yes
ac_cv_header_net_bpf_h=no
ac_cv_header_netdb_h=yes
ac_cv_header_openssl_ssl_h=yes
ac_cv_header_stdc=yes
ac_cv_header_stdint_h=yes
ac_cv_header_stdlib_h=yes
ac_cv_header_string_h=yes
ac_cv_header_strings_h=yes
ac_cv_header_sys_ioctl_h=yes
ac_cv_header_sys_stat_h=yes
ac_cv_header_sys_types_h=yes
ac_cv_header_sys_un_h=yes
ac_cv_header_unistd_h=yes
ac_cv_host=x86_64-unknown-linux-gnu
ac_cv_lib_crypto_BIO_int_ctrl=yes
ac_cv_lib_ssl_SSL_new=yes
ac_cv_objext=o
ac_cv_path_EGREP='/bin/grep -E'
ac_cv_path_GREP=/bin/grep
ac_cv_prog_CPP='gcc -E'
ac_cv_prog_ac_ct_CC=gcc
ac_cv_prog_ac_ct_RANLIB=ranlib
ac_cv_prog_cc_c89=
ac_cv_prog_cc_g=yes
ac_cv_search_dlopen=-ldl
ax_cv_have_epoll=yes
ax_cv_have_poll=yes

## ----------------- ##
## Output variables. ##
## ----------------- ##

CC='gcc'
CFLAGS='-g -O2 -Wall '
CPP='gcc -E'
CPPFLAGS=' -I../../nbase'
DEFS='-DHAVE_CONFIG_H'
ECHO_C=''
ECHO_N='-n'
ECHO_T=''
EGREP='/bin/grep -E'
EXEEXT=''
GREP='/bin/grep'
LDFLAGS=' -L../../nbase'
LIBNBASE_LIBS='-ldl  -lssl -lcrypto -lnbase'
LIBOBJS=''
LIBPCAP_LIBS=''
LIBS='-ldl  -lssl -lcrypto'
LTLIBOBJS=''
NBASEDIR='../../nbase'
NSOCKTESTDIR='../tests'
OBJEXT='o'
OPENSSL_LIBS='-lssl -lcrypto'
PACKAGE_BUGREPORT=''
PACKAGE_NAME=''
PACKAGE_STRING=''
PACKAGE_TARNAME=''
PACKAGE_URL=''
PACKAGE_VERSION=''
PATH_SEPARATOR=':'
RANLIB='ranlib'
SHELL='/bin/bash'
ac_ct_CC='gcc'
bindir='${exec_prefix}/bin'
build='x86_64-unknown-linux-gnu'
build_alias=''
build_cpu='x86_64'
build_os='linux-gnu'
build_vendor='unknown'
datadir='${datarootdir}'
datarootdir='${prefix}/share'
docdir='${datarootdir}/doc/${PACKAGE}'
dvidir='${docdir}'
exec_prefix='${prefix}'
host='x86_64-unknown-linux-gnu'
host_alias=''
host_cpu='x86_64'
host_os='linux-gnu'
host_vendor='unknown'
htmldir='${docdir}'
includedir='${prefix}/include'
infodir='${datarootdir}/info'
libdir='${exec_prefix}/lib'
libexecdir='${exec_prefix}/libexec'
localedir='${datarootdir}/locale'
localstatedir='${prefix}/var'
mandir='${datarootdir}/man'
oldincludedir='/usr/include'
pdfdir='${docdir}'
prefix='/usr/local'
program_transform_name='s,x,x,'
psdir='${docdir}'
sbindir='${exec_prefix}/sbin'
sharedstatedir='${prefix}/com'
sysconfdir='${prefix}/etc'
target_alias=''

## ----------- ##
## confdefs.h. ##
## ----------- ##

/* confdefs.h */
#define PACKAGE_NAME ""
#define PACKAGE_TARNAME ""
#define PACKAGE_VERSION ""
#define PACKAGE_STRING ""
#define PACKAGE_BUGREPORT ""
#define PACKAGE_URL ""
#define LINUX 1
#define STDC_HEADERS 1
#define HAVE_SYS_TYPES_H 1
#define HAVE_SYS_STAT_H 1
#define HAVE_STDLIB_H 1
#define HAVE_STRING_H 1
#define HAVE_MEMORY_H 1
#define HAVE_STRINGS_H 1
#define HAVE_INTTYPES_H 1
#define HAVE_STDINT_H 1
#define HAVE_UNISTD_H 1
#define PCAP_NETMASK_UNKNOWN 0
#define HAVE_EPOLL 1
#define HAVE_POLL 1
#define STDC_HEADERS 1
#define HAVE_SYS_IOCTL_H 1
#define HAVE_SYS_UN_H 1
#define HAVE_NETDB_H 1
#define HAVE_OPENSSL 1
#define HAVE_SSL_SET_TLSEXT_HOST_NAME 1

configure: exit 0
